c:\users\finik\desktop\uni_labs\labs_3_course_2\refactoring\lab_1\lab_1\x64\debug\vc143.pdb
c:\users\finik\desktop\uni_labs\labs_3_course_2\refactoring\lab_1\lab_1\x64\debug\vc143.idb
c:\users\finik\desktop\uni_labs\labs_3_course_2\refactoring\lab_1\lab_1\x64\debug\lab_1.nativecodeanalysis.sarif
c:\users\finik\desktop\uni_labs\labs_3_course_2\refactoring\lab_1\lab_1\x64\debug\lab_1.nativecodeanalysis.xml
c:\users\finik\desktop\uni_labs\labs_3_course_2\refactoring\lab_1\lab_1\x64\debug\logcon.nativecodeanalysis.sarif
c:\users\finik\desktop\uni_labs\labs_3_course_2\refactoring\lab_1\lab_1\x64\debug\logcon.nativecodeanalysis.xml
c:\users\finik\desktop\uni_labs\labs_3_course_2\refactoring\lab_1\lab_1\x64\debug\logcon.obj
c:\users\finik\desktop\uni_labs\labs_3_course_2\refactoring\lab_1\lab_1\x64\debug\lab_1.obj
c:\users\finik\desktop\uni_labs\labs_3_course_2\refactoring\lab_1\x64\debug\lab_1.exe
c:\users\finik\desktop\uni_labs\labs_3_course_2\refactoring\lab_1\x64\debug\lab_1.pdb
c:\users\finik\desktop\uni_labs\labs_3_course_2\refactoring\lab_1\lab_1\x64\debug\lab_1.ilk
c:\users\finik\desktop\uni_labs\labs_3_course_2\refactoring\lab_1\lab_1\x64\debug\vc.nativecodeanalysis.all.xml
c:\users\finik\desktop\uni_labs\labs_3_course_2\refactoring\lab_1\lab_1\x64\debug\lab_1.tlog\cl.command.1.tlog
c:\users\finik\desktop\uni_labs\labs_3_course_2\refactoring\lab_1\lab_1\x64\debug\lab_1.tlog\cl.items.tlog
c:\users\finik\desktop\uni_labs\labs_3_course_2\refactoring\lab_1\lab_1\x64\debug\lab_1.tlog\cl.read.1.tlog
c:\users\finik\desktop\uni_labs\labs_3_course_2\refactoring\lab_1\lab_1\x64\debug\lab_1.tlog\cl.write.1.tlog
c:\users\finik\desktop\uni_labs\labs_3_course_2\refactoring\lab_1\lab_1\x64\debug\lab_1.tlog\link.command.1.tlog
c:\users\finik\desktop\uni_labs\labs_3_course_2\refactoring\lab_1\lab_1\x64\debug\lab_1.tlog\link.read.1.tlog
c:\users\finik\desktop\uni_labs\labs_3_course_2\refactoring\lab_1\lab_1\x64\debug\lab_1.tlog\link.secondary.1.tlog
c:\users\finik\desktop\uni_labs\labs_3_course_2\refactoring\lab_1\lab_1\x64\debug\lab_1.tlog\link.write.1.tlog
